<?xml version="1.0" encoding="utf-8"?><testsuites name="pytest tests"><testsuite name="pytest" errors="0" failures="0" skipped="0" tests="20" time="4.105" timestamp="2026-04-16T20:08:55.941081+00:00" hostname="agent-env-81e29db7-0b2f-45da-8f5b-170e247e59aa"><testcase classname="tests.test_backend_api.TestHealth" name="test_health_check" time="0.346" /><testcase classname="tests.test_backend_api.TestSettings" name="test_get_settings_returns_defaults" time="0.219" /><testcase classname="tests.test_backend_api.TestSettings" name="test_update_settings" time="0.166" /><testcase classname="tests.test_backend_api.TestBills" name="test_get_bills" time="0.148" /><testcase classname="tests.test_backend_api.TestBills" name="test_create_bill_and_verify_persistence" time="0.315" /><testcase classname="tests.test_backend_api.TestBills" name="test_delete_bill" time="0.249" /><testcase classname="tests.test_backend_api.TestBills" name="test_delete_nonexistent_bill_returns_404" time="0.122" /><testcase classname="tests.test_backend_api.TestExpenses" name="test_get_expenses" time="0.176" /><testcase classname="tests.test_backend_api.TestExpenses" name="test_create_expense_and_verify_persistence" time="0.239" /><testcase classname="tests.test_backend_api.TestExpenses" name="test_create_expense_without_date_uses_default" time="0.210" /><testcase classname="tests.test_backend_api.TestExpenses" name="test_delete_expense" time="0.248" /><testcase classname="tests.test_backend_api.TestExpenses" name="test_delete_nonexistent_expense_returns_404" time="0.115" /><testcase classname="tests.test_backend_api.TestSavingsGoals" name="test_get_savings_goals" time="0.175" /><testcase classname="tests.test_backend_api.TestSavingsGoals" name="test_create_savings_goal_and_verify_persistence" time="0.244" /><testcase classname="tests.test_backend_api.TestSavingsGoals" name="test_update_savings_goal" time="0.283" /><testcase classname="tests.test_backend_api.TestSavingsGoals" name="test_update_nonexistent_goal_returns_404" time="0.121" /><testcase classname="tests.test_backend_api.TestSavingsGoals" name="test_delete_savings_goal" time="0.240" /><testcase classname="tests.test_backend_api.TestSavingsGoals" name="test_delete_nonexistent_goal_returns_404" time="0.137" /><testcase classname="tests.test_backend_api.TestDashboard" name="test_get_dashboard_returns_aggregated_data" time="0.118" /><testcase classname="tests.test_backend_api.TestDashboard" name="test_dashboard_calculates_totals_correctly" time="0.128" /></testsuite></testsuites>