<?xml version="1.0" encoding="utf-8"?><testsuites name="pytest tests"><testsuite name="pytest" errors="0" failures="0" skipped="0" tests="11" time="3.277" timestamp="2026-04-17T20:41:01.556347+00:00" hostname="agent-env-81e29db7-0b2f-45da-8f5b-170e247e59aa"><testcase classname="tests.test_enhancements.TestMonthlyHistory" name="test_get_monthly_history" time="0.383" /><testcase classname="tests.test_enhancements.TestMonthlyDetail" name="test_get_monthly_detail_current_month" time="0.161" /><testcase classname="tests.test_enhancements.TestMonthlyDetail" name="test_get_monthly_detail_past_month" time="0.164" /><testcase classname="tests.test_enhancements.TestRecurringExpenses" name="test_toggle_recurring_on_expense" time="0.389" /><testcase classname="tests.test_enhancements.TestRecurringExpenses" name="test_toggle_recurring_nonexistent_expense_returns_404" time="0.116" /><testcase classname="tests.test_enhancements.TestRecurringExpenses" name="test_process_recurring_expenses" time="0.141" /><testcase classname="tests.test_enhancements.TestBillsWithDueDay" name="test_create_bill_with_due_day" time="0.254" /><testcase classname="tests.test_enhancements.TestBillsWithDueDay" name="test_create_bill_without_due_day" time="0.175" /><testcase classname="tests.test_enhancements.TestExpensesWithRecurring" name="test_create_expense_with_recurring_true" time="0.271" /><testcase classname="tests.test_enhancements.TestExpensesWithRecurring" name="test_create_expense_with_recurring_false" time="0.455" /><testcase classname="tests.test_enhancements.TestResetData" name="test_reset_all_data" time="0.535" /></testsuite></testsuites>