<?xml version="1.0" encoding="utf-8"?><testsuites name="pytest tests"><testsuite name="pytest" errors="0" failures="0" skipped="0" tests="21" time="6.126" timestamp="2026-04-18T00:02:24.459172+00:00" hostname="agent-env-81e29db7-0b2f-45da-8f5b-170e247e59aa"><testcase classname="tests.test_auth.TestAuthRegister" name="test_register_new_user" time="0.466" /><testcase classname="tests.test_auth.TestAuthRegister" name="test_register_duplicate_email_returns_400" time="0.122" /><testcase classname="tests.test_auth.TestAuthLogin" name="test_login_with_admin_credentials" time="0.383" /><testcase classname="tests.test_auth.TestAuthLogin" name="test_login_with_invalid_email_returns_401" time="0.162" /><testcase classname="tests.test_auth.TestAuthLogin" name="test_login_with_wrong_password_returns_401" time="0.377" /><testcase classname="tests.test_auth.TestAuthMe" name="test_auth_me_with_valid_token" time="0.387" /><testcase classname="tests.test_auth.TestAuthMe" name="test_auth_me_without_token_returns_401" time="0.112" /><testcase classname="tests.test_auth.TestAuthMe" name="test_auth_me_with_invalid_token_returns_401" time="0.154" /><testcase classname="tests.test_auth.TestAuthProtectedEndpoints" name="test_settings_without_auth_returns_401" time="0.107" /><testcase classname="tests.test_auth.TestAuthProtectedEndpoints" name="test_settings_with_auth_returns_data" time="0.381" /><testcase classname="tests.test_auth.TestAuthProtectedEndpoints" name="test_bills_without_auth_returns_401" time="0.155" /><testcase classname="tests.test_auth.TestAuthProtectedEndpoints" name="test_bills_with_auth_returns_user_scoped_data" time="0.553" /><testcase classname="tests.test_auth.TestAuthProtectedEndpoints" name="test_dashboard_without_auth_returns_401" time="0.138" /><testcase classname="tests.test_auth.TestAuthProtectedEndpoints" name="test_dashboard_with_auth_returns_user_scoped_data" time="0.418" /><testcase classname="tests.test_auth.TestAuthProtectedEndpoints" name="test_expenses_without_auth_returns_401" time="0.150" /><testcase classname="tests.test_auth.TestAuthProtectedEndpoints" name="test_savings_goals_without_auth_returns_401" time="0.192" /><testcase classname="tests.test_auth.TestAuthProtectedEndpoints" name="test_monthly_history_without_auth_returns_401" time="0.105" /><testcase classname="tests.test_auth.TestAuthProtectedEndpoints" name="test_process_recurring_without_auth_returns_401" time="0.141" /><testcase classname="tests.test_auth.TestAuthRefresh" name="test_refresh_token_endpoint" time="0.406" /><testcase classname="tests.test_auth.TestAuthRefresh" name="test_refresh_with_invalid_token_returns_401" time="0.134" /><testcase classname="tests.test_auth.TestUserDataScoping" name="test_register_two_users_and_verify_data_isolation" time="0.843" /></testsuite></testsuites>